<?xml version="1.0" encoding="UTF-8"?>
<testng-results ignored="2" total="9" passed="6" failed="1" skipped="0">
  <reporter-output>
  </reporter-output>
  <suite started-at="2023-02-10T12:39:40 IST" name="Suite" finished-at="2023-02-10T12:39:54 IST" duration-ms="13978">
    <groups>
      <group name="smoke,regression">
        <method signature="LoginTest.verifyLoginpageWithCredentials()[pri:4, instance:TEST.LoginTest@ed7f8b4]" name="verifyLoginpageWithCredentials" class="TEST.LoginTest"/>
        <method signature="LoginTest.verifyTitleOfBuild()[pri:1, instance:TEST.LoginTest@ed7f8b4]" name="verifyTitleOfBuild" class="TEST.LoginTest"/>
        <method signature="LoginTest.verifyTitleOfPage()[pri:3, instance:TEST.LoginTest@ed7f8b4]" name="verifyTitleOfPage" class="TEST.LoginTest"/>
        <method signature="LoginTest.verifyUrlOfPage()[pri:2, instance:TEST.LoginTest@ed7f8b4]" name="verifyUrlOfPage" class="TEST.LoginTest"/>
      </group> <!-- smoke,regression -->
      <group name="regression">
        <method signature="PimTest.TestIngChanges()[pri:5, instance:TEST.PimTest@5f8edcc5]" name="TestIngChanges" class="TEST.PimTest"/>
        <method signature="PimTest.verifyEmpSearchEmpId()[pri:4, instance:TEST.PimTest@5f8edcc5]" name="verifyEmpSearchEmpId" class="TEST.PimTest"/>
        <method signature="PimTest.verifyPimPageTitle()[pri:3, instance:TEST.PimTest@5f8edcc5]" name="verifyPimPageTitle" class="TEST.PimTest"/>
      </group> <!-- regression -->
      <group name="smoke">
        <method signature="PimTest.TestIngChanges()[pri:5, instance:TEST.PimTest@5f8edcc5]" name="TestIngChanges" class="TEST.PimTest"/>
        <method signature="PimTest.verifyEmpSearchEmpId()[pri:4, instance:TEST.PimTest@5f8edcc5]" name="verifyEmpSearchEmpId" class="TEST.PimTest"/>
        <method signature="PimTest.verifyPimPageTitle()[pri:3, instance:TEST.PimTest@5f8edcc5]" name="verifyPimPageTitle" class="TEST.PimTest"/>
      </group> <!-- smoke -->
    </groups>
    <test started-at="2023-02-10T12:39:40 IST" name="Test" finished-at="2023-02-10T12:39:54 IST" duration-ms="13978">
      <class name="TEST.PimTest">
        <test-method is-config="true" signature="pageObjects()[pri:0, instance:TEST.PimTest@5f8edcc5]" started-at="2023-02-10T12:39:46 IST" name="pageObjects" finished-at="2023-02-10T12:39:46 IST" duration-ms="4" status="PASS">
          <reporter-output>
          </reporter-output>
        </test-method> <!-- pageObjects -->
        <test-method is-config="true" signature="login()[pri:0, instance:TEST.PimTest@5f8edcc5]" started-at="2023-02-10T12:39:46 IST" name="login" finished-at="2023-02-10T12:39:49 IST" duration-ms="2311" status="PASS">
          <reporter-output>
          </reporter-output>
        </test-method> <!-- login -->
        <test-method signature="verifyPimPageTitle()[pri:3, instance:TEST.PimTest@5f8edcc5]" started-at="2023-02-10T12:39:49 IST" name="verifyPimPageTitle" finished-at="2023-02-10T12:39:50 IST" duration-ms="1896" status="PASS">
          <reporter-output>
          </reporter-output>
        </test-method> <!-- verifyPimPageTitle -->
        <test-method signature="verifyEmpSearchEmpId()[pri:4, instance:TEST.PimTest@5f8edcc5]" started-at="2023-02-10T12:39:50 IST" name="verifyEmpSearchEmpId" finished-at="2023-02-10T12:39:51 IST" duration-ms="845" status="FAIL">
          <exception class="org.openqa.selenium.StaleElementReferenceException">
            <message>
              <![CDATA[stale element reference: element is not attached to the page document
  (Session info: chrome=109.0.5414.121)
For documentation on this error, please visit: https://selenium.dev/exceptions/#stale_element_reference
Build info: version: '4.7.2', revision: '4d4020c3b7'
System info: os.name: 'Windows 11', os.arch: 'amd64', os.version: '10.0', java.version: '17.0.5'
Driver info: org.openqa.selenium.chrome.ChromeDriver
Command: [b6b46b938943d8c495eb410d71e12900, getElementText {id=f6928653-3e05-4be6-a7b1-72c71afa5285}]
Capabilities {acceptInsecureCerts: false, browserName: chrome, browserVersion: 109.0.5414.121, chrome: {chromedriverVersion: 109.0.5414.74 (e7c5703604da..., userDataDir: C:\Users\abhis\AppData\Loca...}, goog:chromeOptions: {debuggerAddress: localhost:55249}, networkConnectionEnabled: false, pageLoadStrategy: normal, platformName: WINDOWS, proxy: Proxy(), se:cdp: ws://localhost:55249/devtoo..., se:cdpVersion: 109.0.5414.121, setWindowRect: true, strictFileInteractability: false, timeouts: {implicit: 0, pageLoad: 300000, script: 30000}, unhandledPromptBehavior: dismiss and notify, webauthn:extension:credBlob: true, webauthn:extension:largeBlob: true, webauthn:virtualAuthenticators: true}
Element: [[[[ChromeDriver: chrome on WINDOWS (b6b46b938943d8c495eb410d71e12900)] -> xpath: //*[@class='orangehrm-container']]] -> xpath: //div[text()='0221']]
Session ID: b6b46b938943d8c495eb410d71e12900]]>
            </message>
            <full-stacktrace>
              <![CDATA[org.openqa.selenium.StaleElementReferenceException: stale element reference: element is not attached to the page document
  (Session info: chrome=109.0.5414.121)
For documentation on this error, please visit: https://selenium.dev/exceptions/#stale_element_reference
Build info: version: '4.7.2', revision: '4d4020c3b7'
System info: os.name: 'Windows 11', os.arch: 'amd64', os.version: '10.0', java.version: '17.0.5'
Driver info: org.openqa.selenium.chrome.ChromeDriver
Command: [b6b46b938943d8c495eb410d71e12900, getElementText {id=f6928653-3e05-4be6-a7b1-72c71afa5285}]
Capabilities {acceptInsecureCerts: false, browserName: chrome, browserVersion: 109.0.5414.121, chrome: {chromedriverVersion: 109.0.5414.74 (e7c5703604da..., userDataDir: C:\Users\abhis\AppData\Loca...}, goog:chromeOptions: {debuggerAddress: localhost:55249}, networkConnectionEnabled: false, pageLoadStrategy: normal, platformName: WINDOWS, proxy: Proxy(), se:cdp: ws://localhost:55249/devtoo..., se:cdpVersion: 109.0.5414.121, setWindowRect: true, strictFileInteractability: false, timeouts: {implicit: 0, pageLoad: 300000, script: 30000}, unhandledPromptBehavior: dismiss and notify, webauthn:extension:credBlob: true, webauthn:extension:largeBlob: true, webauthn:virtualAuthenticators: true}
Element: [[[[ChromeDriver: chrome on WINDOWS (b6b46b938943d8c495eb410d71e12900)] -> xpath: //*[@class='orangehrm-container']]] -> xpath: //div[text()='0221']]
Session ID: b6b46b938943d8c495eb410d71e12900
at java.base/jdk.internal.reflect.NativeConstructorAccessorImpl.newInstance0(Native Method)
at java.base/jdk.internal.reflect.NativeConstructorAccessorImpl.newInstance(NativeConstructorAccessorImpl.java:77)
at java.base/jdk.internal.reflect.DelegatingConstructorAccessorImpl.newInstance(DelegatingConstructorAccessorImpl.java:45)
at java.base/java.lang.reflect.Constructor.newInstanceWithCaller(Constructor.java:499)
at java.base/java.lang.reflect.Constructor.newInstance(Constructor.java:480)
at org.openqa.selenium.remote.codec.w3c.W3CHttpResponseCodec.createException(W3CHttpResponseCodec.java:200)
at org.openqa.selenium.remote.codec.w3c.W3CHttpResponseCodec.decode(W3CHttpResponseCodec.java:133)
at org.openqa.selenium.remote.codec.w3c.W3CHttpResponseCodec.decode(W3CHttpResponseCodec.java:53)
at org.openqa.selenium.remote.HttpCommandExecutor.execute(HttpCommandExecutor.java:184)
at org.openqa.selenium.remote.service.DriverCommandExecutor.invokeExecute(DriverCommandExecutor.java:167)
at org.openqa.selenium.remote.service.DriverCommandExecutor.execute(DriverCommandExecutor.java:142)
at org.openqa.selenium.remote.RemoteWebDriver.execute(RemoteWebDriver.java:535)
at org.openqa.selenium.remote.RemoteWebElement.execute(RemoteWebElement.java:257)
at org.openqa.selenium.remote.RemoteWebElement.getText(RemoteWebElement.java:207)
at MAINJava.PimPage.getEmpIdFromSearchedResults(PimPage.java:80)
at TEST.PimTest.verifyEmpSearchEmpId(PimTest.java:19)
at java.base/jdk.internal.reflect.NativeMethodAccessorImpl.invoke0(Native Method)
at java.base/jdk.internal.reflect.NativeMethodAccessorImpl.invoke(NativeMethodAccessorImpl.java:77)
at java.base/jdk.internal.reflect.DelegatingMethodAccessorImpl.invoke(DelegatingMethodAccessorImpl.java:43)
at java.base/java.lang.reflect.Method.invoke(Method.java:568)
at org.testng.internal.MethodInvocationHelper.invokeMethod(MethodInvocationHelper.java:133)
at org.testng.internal.TestInvoker.invokeMethod(TestInvoker.java:598)
at org.testng.internal.TestInvoker.invokeTestMethod(TestInvoker.java:173)
at org.testng.internal.MethodRunner.runInSequence(MethodRunner.java:46)
at org.testng.internal.TestInvoker$MethodInvocationAgent.invoke(TestInvoker.java:824)
at org.testng.internal.TestInvoker.invokeTestMethods(TestInvoker.java:146)
at org.testng.internal.TestMethodWorker.invokeTestMethods(TestMethodWorker.java:146)
at org.testng.internal.TestMethodWorker.run(TestMethodWorker.java:128)
at java.base/java.util.ArrayList.forEach(ArrayList.java:1511)
at org.testng.TestRunner.privateRun(TestRunner.java:794)
at org.testng.TestRunner.run(TestRunner.java:596)
at org.testng.SuiteRunner.runTest(SuiteRunner.java:377)
at org.testng.SuiteRunner.runSequentially(SuiteRunner.java:371)
at org.testng.SuiteRunner.privateRun(SuiteRunner.java:332)
at org.testng.SuiteRunner.run(SuiteRunner.java:276)
at org.testng.SuiteRunnerWorker.runSuite(SuiteRunnerWorker.java:53)
at org.testng.SuiteRunnerWorker.run(SuiteRunnerWorker.java:96)
at org.testng.TestNG.runSuitesSequentially(TestNG.java:1212)
at org.testng.TestNG.runSuitesLocally(TestNG.java:1134)
at org.testng.TestNG.runSuites(TestNG.java:1063)
at org.testng.TestNG.run(TestNG.java:1031)
at org.testng.remote.AbstractRemoteTestNG.run(AbstractRemoteTestNG.java:115)
at org.testng.remote.RemoteTestNG.initAndRun(RemoteTestNG.java:251)
at org.testng.remote.RemoteTestNG.main(RemoteTestNG.java:77)
]]>
            </full-stacktrace>
          </exception> <!-- org.openqa.selenium.StaleElementReferenceException -->
          <reporter-output>
          </reporter-output>
        </test-method> <!-- verifyEmpSearchEmpId -->
        <test-method signature="TestIngChanges()[pri:5, instance:TEST.PimTest@5f8edcc5]" started-at="2023-02-10T12:39:51 IST" name="TestIngChanges" finished-at="2023-02-10T12:39:51 IST" duration-ms="1" status="PASS">
          <reporter-output>
          </reporter-output>
        </test-method> <!-- TestIngChanges -->
        <test-method is-config="true" signature="logOutUser()[pri:0, instance:TEST.PimTest@5f8edcc5]" started-at="2023-02-10T12:39:51 IST" name="logOutUser" finished-at="2023-02-10T12:39:54 IST" duration-ms="2202" status="PASS">
          <reporter-output>
          </reporter-output>
        </test-method> <!-- logOutUser -->
      </class> <!-- TEST.PimTest -->
      <class name="TEST.LoginTest">
        <test-method is-config="true" signature="initbrowser()[pri:0, instance:TEST.LoginTest@ed7f8b4]" started-at="2023-02-10T12:39:32 IST" name="initbrowser" finished-at="2023-02-10T12:39:40 IST" duration-ms="8063" status="PASS">
          <reporter-output>
          </reporter-output>
        </test-method> <!-- initbrowser -->
        <test-method is-config="true" signature="pageObjects()[pri:0, instance:TEST.LoginTest@ed7f8b4]" started-at="2023-02-10T12:39:40 IST" name="pageObjects" finished-at="2023-02-10T12:39:40 IST" duration-ms="55" status="PASS">
          <reporter-output>
          </reporter-output>
        </test-method> <!-- pageObjects -->
        <test-method signature="verifyTitleOfBuild()[pri:1, instance:TEST.LoginTest@ed7f8b4]" started-at="2023-02-10T12:39:40 IST" name="verifyTitleOfBuild" finished-at="2023-02-10T12:39:40 IST" duration-ms="35" status="PASS">
          <reporter-output>
          </reporter-output>
        </test-method> <!-- verifyTitleOfBuild -->
        <test-method signature="verifyUrlOfPage()[pri:2, instance:TEST.LoginTest@ed7f8b4]" started-at="2023-02-10T12:39:40 IST" name="verifyUrlOfPage" finished-at="2023-02-10T12:39:40 IST" duration-ms="19" status="PASS">
          <reporter-output>
          </reporter-output>
        </test-method> <!-- verifyUrlOfPage -->
        <test-method signature="verifyTitleOfPage()[pri:3, instance:TEST.LoginTest@ed7f8b4]" started-at="2023-02-10T12:39:40 IST" name="verifyTitleOfPage" finished-at="2023-02-10T12:39:40 IST" duration-ms="384" status="PASS">
          <reporter-output>
          </reporter-output>
        </test-method> <!-- verifyTitleOfPage -->
        <test-method signature="verifyLoginpageWithCredentials()[pri:4, instance:TEST.LoginTest@ed7f8b4]" started-at="2023-02-10T12:39:40 IST" name="verifyLoginpageWithCredentials" finished-at="2023-02-10T12:39:42 IST" duration-ms="2193" status="PASS">
          <reporter-output>
          </reporter-output>
        </test-method> <!-- verifyLoginpageWithCredentials -->
        <test-method is-config="true" signature="logOutUser()[pri:0, instance:TEST.LoginTest@ed7f8b4]" started-at="2023-02-10T12:39:42 IST" name="logOutUser" finished-at="2023-02-10T12:39:46 IST" duration-ms="3940" status="PASS">
          <reporter-output>
          </reporter-output>
        </test-method> <!-- logOutUser -->
        <test-method is-config="true" signature="tearDownEnvironment()[pri:0, instance:TEST.LoginTest@ed7f8b4]" started-at="2023-02-10T12:39:54 IST" name="tearDownEnvironment" finished-at="2023-02-10T12:39:54 IST" duration-ms="456" status="PASS">
          <reporter-output>
          </reporter-output>
        </test-method> <!-- tearDownEnvironment -->
      </class> <!-- TEST.LoginTest -->
    </test> <!-- Test -->
  </suite> <!-- Suite -->
</testng-results>
